[Licensing::Module] Trying to connect to existing licensing client channel...
Built from '6000.3/respin/6000.3.6f1-732c1ec89f18' branch; Version is '6000.3.6f1 (bbb010bdb8a3) revision 12300304'; Using compiler version '194234433'; Build Type 'Release'
OS: 'Windows 11  (10.0.26100) Core' Language: 'en' Physical Memory: 32120 MB
[Licensing::IpcConnector] Successfully connected to: "LicenseClient-paolo" at "2026-02-01T06:57:09.5705979Z"
BatchMode: 1, IsHumanControllingUs: 0, StartBugReporterOnCrash: 0, Is64bit: 1
System  architecture: x64
Process architecture: x64
Date: 2026-02-01T06:57:09Z

COMMAND LINE ARGUMENTS:
C:\Program Files\Unity\Hub\Editor\6000.3.6f1\Editor\Unity.exe
-adb2
-batchMode
-noUpm
-name
AssetImportWorker5
-projectPath
C:/Users/paolo/LeHorrorGame
-logFile
Logs/AssetImportWorker5.log
-srvPort
63715
-job-worker-count
10
-background-job-worker-count
8
-gc-helper-count
1
-name
AssetImport
Successfully changed project path to: C:/Users/paolo/LeHorrorGame
C:/Users/paolo/LeHorrorGame
[UnityMemory] Configuration Parameters - Can be set up in boot.config
    "memorysetup-temp-allocator-size-nav-mesh-worker=65536"
    "memorysetup-temp-allocator-size-audio-worker=65536"
    "memorysetup-temp-allocator-size-gfx=262144"
    "memorysetup-allocator-temp-initial-block-size-main=262144"
    "memorysetup-allocator-temp-initial-block-size-worker=262144"
    "memorysetup-temp-allocator-size-background-worker=32768"
    "memorysetup-temp-allocator-size-job-worker=262144"
    "memorysetup-temp-allocator-size-preload-manager=33554432"
    "memorysetup-temp-allocator-size-gi-baking-worker=262144"
    "memorysetup-temp-allocator-size-gi-baking-worker=262144"
    "memorysetup-temp-allocator-size-gi-baking-worker=262144"
    "memorysetup-temp-allocator-size-gi-baking-worker=262144"
    "memorysetup-temp-allocator-size-gi-baking-worker=262144"
    "memorysetup-bucket-allocator-granularity=16"
    "memorysetup-bucket-allocator-bucket-count=8"
    "memorysetup-bucket-allocator-block-size=33554432"
    "memorysetup-bucket-allocator-block-count=8"
    "memorysetup-main-allocator-block-size=16777216"
    "memorysetup-thread-allocator-block-size=16777216"
    "memorysetup-gfx-main-allocator-block-size=16777216"
    "memorysetup-gfx-thread-allocator-block-size=16777216"
    "memorysetup-cache-allocator-block-size=4194304"
    "memorysetup-typetree-allocator-block-size=2097152"
    "memorysetup-profiler-bucket-allocator-granularity=16"
    "memorysetup-profiler-bucket-allocator-bucket-count=8"
    "memorysetup-profiler-bucket-allocator-block-size=33554432"
    "memorysetup-profiler-bucket-allocator-block-count=8"
    "memorysetup-profiler-allocator-block-size=16777216"
    "memorysetup-profiler-editor-allocator-block-size=1048576"
    "memorysetup-temp-allocator-size-main=16777216"
    "memorysetup-job-temp-allocator-block-size=2097152"
    "memorysetup-job-temp-allocator-block-size-background=1048576"
    "memorysetup-job-temp-allocator-reduction-small-platforms=262144"
    "memorysetup-temp-allocator-size-cloud-worker=32768"
Player connection [30516]  Target information:

Player connection [30516]  * "[IP] 192.168.1.79 [Port] 0 [Flags] 2 [Guid] 1915023573 [EditorId] 1915023573 [Version] 1048832 [Id] WindowsEditor(7,PaoloLaptop) [Debug] 1 [PackageName] WindowsEditor [ProjectName] Editor" 

Player connection [30516] Host joined multi-casting on [225.0.0.222:54997]...
Player connection [30516] Host joined alternative multi-casting on [225.0.0.222:34997]...
JobSystem: Creating JobQueue using job-worker-count value 10
Input System module state changed to: Initialized.
[Physics::Module] Initialized fallback backend.
[Physics::Module] Id: 0xdecafbad
Library Redirect Path: Library/
[Physics::Module] Selected backend.
[Physics::Module] Name: PhysX
[Physics::Module] Id: 0xf2b8ea05
[Physics::Module] SDK Version: 4.1.2
[Physics::Module] Integration Version: 1.0.0
[Physics::Module] Threading Mode: Multi-Threaded
Refreshing native plugins compatible for Editor in 268.42 ms, found 3 plugins.
Preloading 0 native plugins for Editor in 0.00 ms.
Initialize engine version: 6000.3.6f1 (bbb010bdb8a3)
[Subsystems] Discovering subsystems at path C:/Program Files/Unity/Hub/Editor/6000.3.6f1/Editor/Data/Resources/UnitySubsystems
[Subsystems] Discovering subsystems at path C:/Users/paolo/LeHorrorGame/Assets
GfxDevice: creating device client; kGfxThreadingModeNonThreaded
Direct3D:
    Version:  Direct3D 11.0 [level 11.1]
    Renderer: Intel(R) Arc(TM) Graphics (ID=0x7d55)
    Vendor:   Intel
    VRAM:     16060 MB
    Driver:   32.0.101.5768
[Licensing::Client] Error: HandshakeResponse reported an error:
	ResponseCode: 505
	ResponseStatus: Unsupported protocol version '1.17.4'.
[Licensing::Module] Error: Failed to handshake to channel: "LicenseClient-paolo"
[Licensing::IpcConnector] LicenseClient-paolo channel disconnected successfully.
[Licensing::IpcConnector] Successfully connected to: "LicenseClient-paolo-6000.3.6" at "2026-02-01T06:57:10.8960335Z"
[Licensing::Client] Handshaking with LicensingClient:
  Version:                 1.17.4+4293ba1
  Session Id:              236edc1349394fa18cc6c3a4200e48d4
  Correlation Id:          4d0e72a56ef95f774158120041c0ad54
  External correlation Id: 3324128375672558556
  Machine Id:              OR2diteN7KcKs0FCuzHMV5sE7+s=
[Licensing::Module] Successfully connected to LicensingClient on channel: "LicenseClient-paolo-6000.3.6" (connect: 0.00s, validation: 0.00s, handshake: 1.09s)
[Licensing::IpcConnector] Successfully connected to: "LicenseClient-paolo-6000.3.6-notifications" at "2026-02-01T06:57:11.9843373Z"
[Licensing::Module] Licensing Background thread has ended after 2.41s
Initialize mono
Mono path[0] = 'C:/Program Files/Unity/Hub/Editor/6000.3.6f1/Editor/Data/Managed'
Mono path[1] = 'C:/Program Files/Unity/Hub/Editor/6000.3.6f1/Editor/Data/MonoBleedingEdge/lib/mono/unityjit-win32'
Mono config path = 'C:/Program Files/Unity/Hub/Editor/6000.3.6f1/Editor/Data/MonoBleedingEdge/etc'
Using monoOptions --debugger-agent=transport=dt_socket,embedding=1,server=y,suspend=n,address=127.0.0.1:56804
Begin MonoManager ReloadAssembly
Registering precompiled unity dll's ...
Register platform support module: C:/Program Files/Unity/Hub/Editor/6000.3.6f1/Editor/Data/PlaybackEngines/WindowsStandaloneSupport/UnityEditor.WindowsStandalone.Extensions.dll
Registered in 0.342917 seconds.
- Loaded All Assemblies, in 33.501 seconds
Native extension for WindowsStandalone target not found
ScheduleIndexationOnStartup MainProcess:False IndexOnStartup:True
Mono: successfully reloaded assembly
- Finished resetting the current domain, in  0.816 seconds
Domain Reload Profiling: 34310ms
	BeginReloadAssembly (27946ms)
		ExecutionOrderSort (0ms)
		DisableScriptedObjects (0ms)
		BackupInstance (0ms)
		ReleaseScriptingObjects (0ms)
		CreateAndSetChildDomain (1ms)
	RebuildCommonClasses (1509ms)
	RebuildNativeTypeToScriptingClass (23ms)
	initialDomainReloadingComplete (440ms)
	LoadAllAssembliesAndSetupDomain (3576ms)
		LoadAssemblies (27939ms)
		RebuildTransferFunctionScriptingTraits (0ms)
		AnalyzeDomain (3568ms)
			TypeCache.Refresh (3563ms)
				TypeCache.ScanAssembly (2712ms)
			BuildScriptInfoCaches (0ms)
			ResolveRequiredComponents (1ms)
	FinalizeReload (817ms)
		ReleaseScriptCaches (0ms)
		RebuildScriptCaches (0ms)
		SetupLoadedEditorAssemblies (738ms)
			LogAssemblyErrors (0ms)
			InitializePlatformSupportModulesInManaged (73ms)
			SetLoadedEditorAssemblies (7ms)
			BeforeProcessingInitializeOnLoad (181ms)
			ProcessInitializeOnLoadAttributes (323ms)
			ProcessInitializeOnLoadMethodAttributes (155ms)
			AfterProcessingInitializeOnLoad (0ms)
			EditorAssembliesLoaded (0ms)
		ExecutionOrderSort2 (0ms)
		AwakeInstancesAfterBackupRestoration (0ms)
========================================================================
Worker process is ready to serve import requests
Import Worker Mode flag is 0x00
Begin MonoManager ReloadAssembly
[Licensing::Client] Successfully resolved entitlement details
[Licensing::Module] License group:
  Id: F4-RMHW-QF4Y-2Y84-XNVT-XXXX
  Product: Unity Personal
  Type: ULF
  Expiration: Unlimited
[Licensing::Module] License group:
  Id: 3574027399281-peadea-UnityProStuXXXX
  Product: Unity Student
  Type: Assigned
  Expiration: 2026-10-05T03:55:21Z
Symbol file LoadedFromMemory is not a mono symbol file
- Loaded All Assemblies, in 27.297 seconds
Refreshing native plugins compatible for Editor in 14.25 ms, found 3 plugins.
Native extension for WindowsStandalone target not found
Package Manager log level set to [2]
[Package Manager] Failed to launch server process. Reason: Unity was launched with the -noUpm command-line argument
[Package Manager] Unable to send message (not connected to server process).
[Package Manager] Cannot connect to Unity Package Manager local server
ScheduleIndexationOnStartup MainProcess:False IndexOnStartup:True
Mono: successfully reloaded assembly
- Finished resetting the current domain, in  2.315 seconds
Domain Reload Profiling: 29605ms
	BeginReloadAssembly (286ms)
		ExecutionOrderSort (0ms)
		DisableScriptedObjects (12ms)
		BackupInstance (0ms)
		ReleaseScriptingObjects (0ms)
		CreateAndSetChildDomain (49ms)
	RebuildCommonClasses (53ms)
	RebuildNativeTypeToScriptingClass (18ms)
	initialDomainReloadingComplete (69ms)
	LoadAllAssembliesAndSetupDomain (26864ms)
		LoadAssemblies (25401ms)
		RebuildTransferFunctionScriptingTraits (0ms)
		AnalyzeDomain (1609ms)
			TypeCache.Refresh (1490ms)
				TypeCache.ScanAssembly (1456ms)
			BuildScriptInfoCaches (95ms)
			ResolveRequiredComponents (17ms)
	FinalizeReload (2315ms)
		ReleaseScriptCaches (0ms)
		RebuildScriptCaches (0ms)
		SetupLoadedEditorAssemblies (1178ms)
			LogAssemblyErrors (0ms)
			InitializePlatformSupportModulesInManaged (4ms)
			SetLoadedEditorAssemblies (8ms)
			BeforeProcessingInitializeOnLoad (331ms)
			ProcessInitializeOnLoadAttributes (710ms)
			ProcessInitializeOnLoadMethodAttributes (112ms)
			AfterProcessingInitializeOnLoad (11ms)
			EditorAssembliesLoaded (0ms)
		ExecutionOrderSort2 (0ms)
		AwakeInstancesAfterBackupRestoration (11ms)
Launched and connected shader compiler UnityShaderCompiler.exe after 0.10 seconds
Refreshing native plugins compatible for Editor in 3.50 ms, found 3 plugins.
Preloading 0 native plugins for Editor in 0.00 ms.
Unloading 28 Unused Serialized files (Serialized files now loaded: 0)
Unloading 6382 unused Assets / (6.5 MB). Loaded Objects now: 7199.
Memory consumption went from 155.6 MB to 149.1 MB.
Total: 21.126700 ms (FindLiveObjects: 3.660000 ms CreateObjectMapping: 0.812300 ms MarkObjects: 10.522600 ms  DeleteObjects: 6.129300 ms)

========================================================================
Received Import Request.
  Time since last request: 1339442.222084 seconds.
  path: Assets/school/Prefabs/road/floor.prefab
  artifactKey: Guid(405988af1bd38ee4fb92e86058b6c926) Importer(815301076,1909f56bfc062723c751e8b465ee728b)
Start importing Assets/school/Prefabs/road/floor.prefab using Guid(405988af1bd38ee4fb92e86058b6c926) Importer(815301076,1909f56bfc062723c751e8b465ee728b) (PreviewImporter) -> (artifact id: 'fcb19582622d20cc1f2715a135783002') in 0.7599566 seconds
Number of updated asset objects reloaded before import = 0Number of asset objects unloaded after import = 10

========================================================================
Received Import Request.
  Time since last request: 31.927410 seconds.
  path: Assets/school/Prefabs/props/a laptop.prefab
  artifactKey: Guid(ec15f5ae191975f4d8de236356aaec36) Importer(2089858483,b0f066a214c2f5e87bad3c948f4d605d)
Start importing Assets/school/Prefabs/props/a laptop.prefab using Guid(ec15f5ae191975f4d8de236356aaec36) Importer(2089858483,b0f066a214c2f5e87bad3c948f4d605d) (ScriptedImporter) -> (artifact id: '068364a4d85d91e472c72efcf724ac48') in 0.2184825 seconds
Number of updated asset objects reloaded before import = 0Number of asset objects unloaded after import = 8

========================================================================
Received Import Request.
  Time since last request: 0.000056 seconds.
  path: Assets/school/Prefabs/props/computer3.prefab
  artifactKey: Guid(eae94336b6079e8469f20b721b0474cd) Importer(2089858483,b0f066a214c2f5e87bad3c948f4d605d)
Start importing Assets/school/Prefabs/props/computer3.prefab using Guid(eae94336b6079e8469f20b721b0474cd) Importer(2089858483,b0f066a214c2f5e87bad3c948f4d605d) (ScriptedImporter) -> (artifact id: 'ff6ccd48a1977b1121b0273573b413d5') in 0.0640669 seconds
Number of updated asset objects reloaded before import = 0Number of asset objects unloaded after import = 8

========================================================================
Received Import Request.
  Time since last request: 0.000052 seconds.
  path: Assets/school/props/book.fbx
  artifactKey: Guid(fe29f3a55c29a794a8d6a3d12b9aca96) Importer(2089858483,b0f066a214c2f5e87bad3c948f4d605d)
Start importing Assets/school/props/book.fbx using Guid(fe29f3a55c29a794a8d6a3d12b9aca96) Importer(2089858483,b0f066a214c2f5e87bad3c948f4d605d) (ScriptedImporter) -> (artifact id: 'c39b0fb5c22a803fb8d54b917205f6a8') in 0.0848605 seconds
Number of updated asset objects reloaded before import = 0Number of asset objects unloaded after import = 8

========================================================================
Received Import Request.
  Time since last request: 0.000031 seconds.
  path: Assets/school/Prefabs/props/board2.prefab
  artifactKey: Guid(a5387be5615ab204780e8b46f7b3a16e) Importer(2089858483,b0f066a214c2f5e87bad3c948f4d605d)
Start importing Assets/school/Prefabs/props/board2.prefab using Guid(a5387be5615ab204780e8b46f7b3a16e) Importer(2089858483,b0f066a214c2f5e87bad3c948f4d605d) (ScriptedImporter) -> (artifact id: '2679cb9915766af32400ac8d878528d4') in 0.0549725 seconds
Number of updated asset objects reloaded before import = 0Number of asset objects unloaded after import = 8

========================================================================
Received Import Request.
  Time since last request: 0.000058 seconds.
  path: Assets/school/Prefabs/props/chair1.prefab
  artifactKey: Guid(991e8973513e2ad408232c1afeb3a9df) Importer(2089858483,b0f066a214c2f5e87bad3c948f4d605d)
Start importing Assets/school/Prefabs/props/chair1.prefab using Guid(991e8973513e2ad408232c1afeb3a9df) Importer(2089858483,b0f066a214c2f5e87bad3c948f4d605d) (ScriptedImporter) -> (artifact id: 'e9c6a41601adb8757853fbeffdb5601b') in 0.0608291 seconds
Number of updated asset objects reloaded before import = 0Number of asset objects unloaded after import = 9

========================================================================
Received Import Request.
  Time since last request: 0.000044 seconds.
  path: Assets/school/Prefabs/props/book6.prefab
  artifactKey: Guid(911f1ee2448dad14e8a9f895e1f5621e) Importer(2089858483,b0f066a214c2f5e87bad3c948f4d605d)
Start importing Assets/school/Prefabs/props/book6.prefab using Guid(911f1ee2448dad14e8a9f895e1f5621e) Importer(2089858483,b0f066a214c2f5e87bad3c948f4d605d) (ScriptedImporter) -> (artifact id: '5fa0b9b77ae38f0bc1e9946599b55226') in 0.0510221 seconds
Number of updated asset objects reloaded before import = 0Number of asset objects unloaded after import = 8

========================================================================
Received Import Request.
  Time since last request: 0.000039 seconds.
  path: Assets/school/props/locker1.fbx
  artifactKey: Guid(a009d4148ee08684d917c68693f75228) Importer(2089858483,b0f066a214c2f5e87bad3c948f4d605d)
Start importing Assets/school/props/locker1.fbx using Guid(a009d4148ee08684d917c68693f75228) Importer(2089858483,b0f066a214c2f5e87bad3c948f4d605d) (ScriptedImporter) -> (artifact id: 'f61477242ec2beb8e2ca5b86306ac5c4') in 0.0409665 seconds
Number of updated asset objects reloaded before import = 0Number of asset objects unloaded after import = 8

========================================================================
Received Import Request.
  Time since last request: 0.000191 seconds.
  path: Assets/school/Prefabs/props/sheet.prefab
  artifactKey: Guid(9b19a44036ac44243a6c69a62bcfdbdf) Importer(2089858483,b0f066a214c2f5e87bad3c948f4d605d)
Start importing Assets/school/Prefabs/props/sheet.prefab using Guid(9b19a44036ac44243a6c69a62bcfdbdf) Importer(2089858483,b0f066a214c2f5e87bad3c948f4d605d) (ScriptedImporter) -> (artifact id: '22f03ec4b8bc3b966c23ca2aee628a7a') in 0.0560149 seconds
Number of updated asset objects reloaded before import = 0Number of asset objects unloaded after import = 8

========================================================================
Received Import Request.
  Time since last request: 0.000049 seconds.
  path: Assets/school/Prefabs/props/computer2.prefab
  artifactKey: Guid(c9909a6c1892fd04cb840ad5329e558e) Importer(2089858483,b0f066a214c2f5e87bad3c948f4d605d)
Start importing Assets/school/Prefabs/props/computer2.prefab using Guid(c9909a6c1892fd04cb840ad5329e558e) Importer(2089858483,b0f066a214c2f5e87bad3c948f4d605d) (ScriptedImporter) -> (artifact id: '679809a33950a08a69be960483742ecb') in 0.0641907 seconds
Number of updated asset objects reloaded before import = 0Number of asset objects unloaded after import = 8

========================================================================
Received Import Request.
  Time since last request: 0.000039 seconds.
  path: Assets/school/props/fire1.fbx
  artifactKey: Guid(9039d479f37a33c4a81362d04791c6b0) Importer(2089858483,b0f066a214c2f5e87bad3c948f4d605d)
Start importing Assets/school/props/fire1.fbx using Guid(9039d479f37a33c4a81362d04791c6b0) Importer(2089858483,b0f066a214c2f5e87bad3c948f4d605d) (ScriptedImporter) -> (artifact id: '6b922f4131068f3bea66a28faf861942') in 0.0387193 seconds
Number of updated asset objects reloaded before import = 0Number of asset objects unloaded after import = 8

========================================================================
Received Import Request.
  Time since last request: 0.000035 seconds.
  path: Assets/school/props/book10.fbx
  artifactKey: Guid(6daefe72622a81549b8b756cb5f167cd) Importer(2089858483,b0f066a214c2f5e87bad3c948f4d605d)
Start importing Assets/school/props/book10.fbx using Guid(6daefe72622a81549b8b756cb5f167cd) Importer(2089858483,b0f066a214c2f5e87bad3c948f4d605d) (ScriptedImporter) -> (artifact id: '48102536d3495ec52aa60ef04eb8f65d') in 0.0357928 seconds
Number of updated asset objects reloaded before import = 0Number of asset objects unloaded after import = 8

========================================================================
Received Import Request.
  Time since last request: 0.000056 seconds.
  path: Assets/school/Prefabs/props/locker1.prefab
  artifactKey: Guid(7d65db92ee1ad5644a8177816885460b) Importer(2089858483,b0f066a214c2f5e87bad3c948f4d605d)
Start importing Assets/school/Prefabs/props/locker1.prefab using Guid(7d65db92ee1ad5644a8177816885460b) Importer(2089858483,b0f066a214c2f5e87bad3c948f4d605d) (ScriptedImporter) -> (artifact id: 'fe366b0f990ab48acb2b477cdc07c31d') in 0.0565377 seconds
Number of updated asset objects reloaded before import = 0Number of asset objects unloaded after import = 9

========================================================================
Received Import Request.
  Time since last request: 0.000043 seconds.
  path: Assets/school/Prefabs/props/board2_2 (1).prefab
  artifactKey: Guid(a92085e8cbdc326489fbf320d2c745d4) Importer(2089858483,b0f066a214c2f5e87bad3c948f4d605d)
Start importing Assets/school/Prefabs/props/board2_2 (1).prefab using Guid(a92085e8cbdc326489fbf320d2c745d4) Importer(2089858483,b0f066a214c2f5e87bad3c948f4d605d) (ScriptedImporter) -> (artifact id: '993cb1fda86c523b56e6918853b748b8') in 0.0540189 seconds
Number of updated asset objects reloaded before import = 0Number of asset objects unloaded after import = 8

========================================================================
Received Import Request.
  Time since last request: 0.000037 seconds.
  path: Assets/school/props/table1.fbx
  artifactKey: Guid(e7eb5a1adad305d49967b1f111709dbc) Importer(2089858483,b0f066a214c2f5e87bad3c948f4d605d)
Start importing Assets/school/props/table1.fbx using Guid(e7eb5a1adad305d49967b1f111709dbc) Importer(2089858483,b0f066a214c2f5e87bad3c948f4d605d) (ScriptedImporter) -> (artifact id: '9a668f96f69b4625fc44b6cb6dc9946e') in 0.0493861 seconds
Number of updated asset objects reloaded before import = 0Number of asset objects unloaded after import = 8

========================================================================
Received Import Request.
  Time since last request: 0.000081 seconds.
  path: Assets/school/Prefabs/props/board2_1 1.prefab
  artifactKey: Guid(1b8fb463cd54a3347a65b53783a48afc) Importer(2089858483,b0f066a214c2f5e87bad3c948f4d605d)
Start importing Assets/school/Prefabs/props/board2_1 1.prefab using Guid(1b8fb463cd54a3347a65b53783a48afc) Importer(2089858483,b0f066a214c2f5e87bad3c948f4d605d) (ScriptedImporter) -> (artifact id: '240125dff39e3f20dd100e5a87ed3660') in 0.0554951 seconds
Number of updated asset objects reloaded before import = 0Number of asset objects unloaded after import = 8

========================================================================
Received Import Request.
  Time since last request: 0.000033 seconds.
  path: Assets/school/Prefabs/road/doroga.prefab
  artifactKey: Guid(5b97ca6353ad429419598d36d1a55e6d) Importer(2089858483,b0f066a214c2f5e87bad3c948f4d605d)
Start importing Assets/school/Prefabs/road/doroga.prefab using Guid(5b97ca6353ad429419598d36d1a55e6d) Importer(2089858483,b0f066a214c2f5e87bad3c948f4d605d) (ScriptedImporter) -> (artifact id: '286d02dcd5343b807adb32a345248d5d') in 0.0557997 seconds
Number of updated asset objects reloaded before import = 0Number of asset objects unloaded after import = 9

========================================================================
Received Import Request.
  Time since last request: 0.000043 seconds.
  path: Assets/school/Prefabs/props/sheet4.prefab
  artifactKey: Guid(2335e4e4480899f46aabd539af49b014) Importer(2089858483,b0f066a214c2f5e87bad3c948f4d605d)
Start importing Assets/school/Prefabs/props/sheet4.prefab using Guid(2335e4e4480899f46aabd539af49b014) Importer(2089858483,b0f066a214c2f5e87bad3c948f4d605d) (ScriptedImporter) -> (artifact id: '7e26705367edd93e53064043a25487c8') in 0.0587839 seconds
Number of updated asset objects reloaded before import = 0Number of asset objects unloaded after import = 8

========================================================================
Received Import Request.
  Time since last request: 0.000088 seconds.
  path: Assets/school/props/rack.fbx
  artifactKey: Guid(ca9bd9cdb3fbe8c42bfa1472eb2058fc) Importer(2089858483,b0f066a214c2f5e87bad3c948f4d605d)
Start importing Assets/school/props/rack.fbx using Guid(ca9bd9cdb3fbe8c42bfa1472eb2058fc) Importer(2089858483,b0f066a214c2f5e87bad3c948f4d605d) (ScriptedImporter) -> (artifact id: 'ba4755e1e45ab3b2cdb913318ea5bdb5') in 0.0357417 seconds
Number of updated asset objects reloaded before import = 0Number of asset objects unloaded after import = 8

========================================================================
Received Import Request.
  Time since last request: 0.000034 seconds.
  path: Assets/school/props/board2_1.fbx
  artifactKey: Guid(45565251077e14d4180ee5c2bb5b896d) Importer(2089858483,b0f066a214c2f5e87bad3c948f4d605d)
Start importing Assets/school/props/board2_1.fbx using Guid(45565251077e14d4180ee5c2bb5b896d) Importer(2089858483,b0f066a214c2f5e87bad3c948f4d605d) (ScriptedImporter) -> (artifact id: 'd874828a1619ddc12052600810417842') in 0.0340098 seconds
Number of updated asset objects reloaded before import = 0Number of asset objects unloaded after import = 8

========================================================================
Received Import Request.
  Time since last request: 0.000040 seconds.
  path: Assets/school/Prefabs
  artifactKey: Guid(9074304b8a19c6748a559b50b1428855) Importer(2089858483,b0f066a214c2f5e87bad3c948f4d605d)
Start importing Assets/school/Prefabs using Guid(9074304b8a19c6748a559b50b1428855) Importer(2089858483,b0f066a214c2f5e87bad3c948f4d605d) (ScriptedImporter) -> (artifact id: 'f47e6110a14bdaf31425491796178ede') in 0.0304712 seconds
Number of updated asset objects reloaded before import = 0Number of asset objects unloaded after import = 1

========================================================================
Received Import Request.
  Time since last request: 0.000062 seconds.
  path: Assets/school/DemoScene
  artifactKey: Guid(8b61bb79be6daf84fb002396b9e16281) Importer(2089858483,b0f066a214c2f5e87bad3c948f4d605d)
Start importing Assets/school/DemoScene using Guid(8b61bb79be6daf84fb002396b9e16281) Importer(2089858483,b0f066a214c2f5e87bad3c948f4d605d) (ScriptedImporter) -> (artifact id: '87376a0b648c3b8efec6f842d4d0c02d') in 0.0285903 seconds
Number of updated asset objects reloaded before import = 0Number of asset objects unloaded after import = 1

========================================================================
Received Import Request.
  Time since last request: 0.000043 seconds.
  path: Assets/school/props/sheet2.fbx
  artifactKey: Guid(481b15e92ed6941478e39061d9935711) Importer(2089858483,b0f066a214c2f5e87bad3c948f4d605d)
Start importing Assets/school/props/sheet2.fbx using Guid(481b15e92ed6941478e39061d9935711) Importer(2089858483,b0f066a214c2f5e87bad3c948f4d605d) (ScriptedImporter) -> (artifact id: '54eec24a1d0531ea47f633f2fa77b116') in 0.035339 seconds
Number of updated asset objects reloaded before import = 0Number of asset objects unloaded after import = 8

========================================================================
Received Import Request.
  Time since last request: 0.000043 seconds.
  path: Assets/school/props/table2.fbx
  artifactKey: Guid(428d9da19f0db6d42a12afe656585894) Importer(2089858483,b0f066a214c2f5e87bad3c948f4d605d)
Start importing Assets/school/props/table2.fbx using Guid(428d9da19f0db6d42a12afe656585894) Importer(2089858483,b0f066a214c2f5e87bad3c948f4d605d) (ScriptedImporter) -> (artifact id: '84ce3db991ced97893e5909e1ed2921a') in 0.0401203 seconds
Number of updated asset objects reloaded before import = 0Number of asset objects unloaded after import = 8

========================================================================
Received Import Request.
  Time since last request: 0.000035 seconds.
  path: Assets/school/props/book5.fbx
  artifactKey: Guid(20a2100985022e94da9960c7ad02d896) Importer(2089858483,b0f066a214c2f5e87bad3c948f4d605d)
Start importing Assets/school/props/book5.fbx using Guid(20a2100985022e94da9960c7ad02d896) Importer(2089858483,b0f066a214c2f5e87bad3c948f4d605d) (ScriptedImporter) -> (artifact id: '1b72b7f142373fcb05b746affb20b8eb') in 0.0380225 seconds
Number of updated asset objects reloaded before import = 0Number of asset objects unloaded after import = 8

========================================================================
Received Import Request.
  Time since last request: 0.000055 seconds.
  path: Assets/school/props/book3.fbx
  artifactKey: Guid(2d9b54e7ef3d1a94eb9be4f4dd931319) Importer(2089858483,b0f066a214c2f5e87bad3c948f4d605d)
Start importing Assets/school/props/book3.fbx using Guid(2d9b54e7ef3d1a94eb9be4f4dd931319) Importer(2089858483,b0f066a214c2f5e87bad3c948f4d605d) (ScriptedImporter) -> (artifact id: '846ddf7f2be31a36e85d8809a78ab785') in 0.035485 seconds
Number of updated asset objects reloaded before import = 0Number of asset objects unloaded after import = 8

========================================================================
Received Import Request.
  Time since last request: 0.000032 seconds.
  path: Assets/school/Prefabs/props/rack.prefab
  artifactKey: Guid(4f9d36e206efd9c408c4487f1d8c65af) Importer(2089858483,b0f066a214c2f5e87bad3c948f4d605d)
Start importing Assets/school/Prefabs/props/rack.prefab using Guid(4f9d36e206efd9c408c4487f1d8c65af) Importer(2089858483,b0f066a214c2f5e87bad3c948f4d605d) (ScriptedImporter) -> (artifact id: 'e93589ea0116cf20ecca47b74fe587bf') in 0.0566883 seconds
Number of updated asset objects reloaded before import = 0Number of asset objects unloaded after import = 9

========================================================================
Received Import Request.
  Time since last request: 0.000057 seconds.
  path: Assets/school/props/book16.fbx
  artifactKey: Guid(804dc1b5bcbda42449135bc1c93de072) Importer(2089858483,b0f066a214c2f5e87bad3c948f4d605d)
Start importing Assets/school/props/book16.fbx using Guid(804dc1b5bcbda42449135bc1c93de072) Importer(2089858483,b0f066a214c2f5e87bad3c948f4d605d) (ScriptedImporter) -> (artifact id: 'a595cd9f6df9679fb56d2029fbeab7b4') in 0.0490181 seconds
Number of updated asset objects reloaded before import = 0Number of asset objects unloaded after import = 8

========================================================================
Received Import Request.
  Time since last request: 0.000061 seconds.
  path: Assets/school/DemoScene/all_objects1_Profiles
  artifactKey: Guid(b0062bcf3e6601642b30a501d664127d) Importer(2089858483,b0f066a214c2f5e87bad3c948f4d605d)
Start importing Assets/school/DemoScene/all_objects1_Profiles using Guid(b0062bcf3e6601642b30a501d664127d) Importer(2089858483,b0f066a214c2f5e87bad3c948f4d605d) (ScriptedImporter) -> (artifact id: '6cd2adaf099450dfadec1d929a45e269') in 0.0242888 seconds
Number of updated asset objects reloaded before import = 0Number of asset objects unloaded after import = 1

========================================================================
Received Import Request.
  Time since last request: 0.000031 seconds.
  path: Assets/school/props/book8.fbx
  artifactKey: Guid(c84426d852eade14f99559ca019e22ce) Importer(2089858483,b0f066a214c2f5e87bad3c948f4d605d)
Start importing Assets/school/props/book8.fbx using Guid(c84426d852eade14f99559ca019e22ce) Importer(2089858483,b0f066a214c2f5e87bad3c948f4d605d) (ScriptedImporter) -> (artifact id: 'd7da74b564b46d2743ba5a211ca0fcb8') in 0.0355793 seconds
Number of updated asset objects reloaded before import = 0Number of asset objects unloaded after import = 8

========================================================================
Received Import Request.
  Time since last request: 0.000035 seconds.
  path: Assets/school/Prefabs/road/doroga — krest.prefab
  artifactKey: Guid(bc6109ee673f0a244981c84f7b064a43) Importer(2089858483,b0f066a214c2f5e87bad3c948f4d605d)
Start importing Assets/school/Prefabs/road/doroga — krest.prefab using Guid(bc6109ee673f0a244981c84f7b064a43) Importer(2089858483,b0f066a214c2f5e87bad3c948f4d605d) (ScriptedImporter) -> (artifact id: '74b60c7f644540fd75ec28489a8d47a4') in 0.0599714 seconds
Number of updated asset objects reloaded before import = 0Number of asset objects unloaded after import = 9

========================================================================
Received Import Request.
  Time since last request: 0.000036 seconds.
  path: Assets/school/Prefabs/props/fire.prefab
  artifactKey: Guid(9b95a03e0e9ba914da4f1c7fb5a46ab7) Importer(2089858483,b0f066a214c2f5e87bad3c948f4d605d)
Start importing Assets/school/Prefabs/props/fire.prefab using Guid(9b95a03e0e9ba914da4f1c7fb5a46ab7) Importer(2089858483,b0f066a214c2f5e87bad3c948f4d605d) (ScriptedImporter) -> (artifact id: '6051426786b236f7f4c531a482e70cc5') in 0.0569716 seconds
Number of updated asset objects reloaded before import = 0Number of asset objects unloaded after import = 9

========================================================================
Received Import Request.
  Time since last request: 0.000056 seconds.
  path: Assets/school/props/wall001.fbx
  artifactKey: Guid(674bca1160f50d546aaac5b261a08000) Importer(2089858483,b0f066a214c2f5e87bad3c948f4d605d)
Start importing Assets/school/props/wall001.fbx using Guid(674bca1160f50d546aaac5b261a08000) Importer(2089858483,b0f066a214c2f5e87bad3c948f4d605d) (ScriptedImporter) -> (artifact id: '95e1280f5e4b2509a97749da2d0446c8') in 0.056291 seconds
Number of updated asset objects reloaded before import = 0Number of asset objects unloaded after import = 13

========================================================================
Received Import Request.
  Time since last request: 0.000030 seconds.
  path: Assets/school/Prefabs/props/board2_2.prefab
  artifactKey: Guid(f16c1a01fe11a1c4499b6704e5007d33) Importer(2089858483,b0f066a214c2f5e87bad3c948f4d605d)
Start importing Assets/school/Prefabs/props/board2_2.prefab using Guid(f16c1a01fe11a1c4499b6704e5007d33) Importer(2089858483,b0f066a214c2f5e87bad3c948f4d605d) (ScriptedImporter) -> (artifact id: '48e22aa59511f15b2eab44c90a20d020') in 0.0548805 seconds
Number of updated asset objects reloaded before import = 0Number of asset objects unloaded after import = 8

========================================================================
Received Import Request.
  Time since last request: 0.000032 seconds.
  path: Assets/school/Prefabs/props/button.prefab
  artifactKey: Guid(97ae661c4f5ec684bb00f569e3b354b5) Importer(2089858483,b0f066a214c2f5e87bad3c948f4d605d)
Start importing Assets/school/Prefabs/props/button.prefab using Guid(97ae661c4f5ec684bb00f569e3b354b5) Importer(2089858483,b0f066a214c2f5e87bad3c948f4d605d) (ScriptedImporter) -> (artifact id: '2043db50ce23836510220d4743addf8a') in 0.0507559 seconds
Number of updated asset objects reloaded before import = 0Number of asset objects unloaded after import = 8

========================================================================
Received Import Request.
  Time since last request: 0.000068 seconds.
  path: Assets/school/Prefabs/props/bus.prefab
  artifactKey: Guid(876481ee83f852b49901155a05d155d5) Importer(2089858483,b0f066a214c2f5e87bad3c948f4d605d)
Start importing Assets/school/Prefabs/props/bus.prefab using Guid(876481ee83f852b49901155a05d155d5) Importer(2089858483,b0f066a214c2f5e87bad3c948f4d605d) (ScriptedImporter) -> (artifact id: '685b3ede5a6e55edf783b80547eb9283') in 0.0513721 seconds
Number of updated asset objects reloaded before import = 0Number of asset objects unloaded after import = 27

========================================================================
Received Import Request.
  Time since last request: 0.000032 seconds.
  path: Assets/school/props/book1.fbx
  artifactKey: Guid(2ba609b3cfa3a39409cd47125c0b8f23) Importer(2089858483,b0f066a214c2f5e87bad3c948f4d605d)
Start importing Assets/school/props/book1.fbx using Guid(2ba609b3cfa3a39409cd47125c0b8f23) Importer(2089858483,b0f066a214c2f5e87bad3c948f4d605d) (ScriptedImporter) -> (artifact id: '19fddeb4855ed4f4f719666e2624af1d') in 0.0512141 seconds
Number of updated asset objects reloaded before import = 0Number of asset objects unloaded after import = 8

========================================================================
Received Import Request.
  Time since last request: 0.000032 seconds.
  path: Assets/school/props/sheet4.fbx
  artifactKey: Guid(26cca21aff10b4545b16cc4b6315157e) Importer(2089858483,b0f066a214c2f5e87bad3c948f4d605d)
Start importing Assets/school/props/sheet4.fbx using Guid(26cca21aff10b4545b16cc4b6315157e) Importer(2089858483,b0f066a214c2f5e87bad3c948f4d605d) (ScriptedImporter) -> (artifact id: '82d64813d5391a60ad77036a56a03e1c') in 0.0320496 seconds
Number of updated asset objects reloaded before import = 0Number of asset objects unloaded after import = 8

========================================================================
Received Import Request.
  Time since last request: 0.000045 seconds.
  path: Assets/school/Prefabs/props/book15.prefab
  artifactKey: Guid(eb1f778dad1ad1243a12348ffbf99b9b) Importer(2089858483,b0f066a214c2f5e87bad3c948f4d605d)
Start importing Assets/school/Prefabs/props/book15.prefab using Guid(eb1f778dad1ad1243a12348ffbf99b9b) Importer(2089858483,b0f066a214c2f5e87bad3c948f4d605d) (ScriptedImporter) -> (artifact id: 'e8c7e50847886f3bc71a7f64c5c61c22') in 0.0561485 seconds
Number of updated asset objects reloaded before import = 0Number of asset objects unloaded after import = 8

========================================================================
Received Import Request.
  Time since last request: 0.000035 seconds.
  path: Assets/school/Prefabs/props/book10.prefab
  artifactKey: Guid(131fbc6a61b707e43a1a9cc37ce27999) Importer(2089858483,b0f066a214c2f5e87bad3c948f4d605d)
Start importing Assets/school/Prefabs/props/book10.prefab using Guid(131fbc6a61b707e43a1a9cc37ce27999) Importer(2089858483,b0f066a214c2f5e87bad3c948f4d605d) (ScriptedImporter) -> (artifact id: '877b000a3cf136abd9d6427e20675551') in 0.0552861 seconds
Number of updated asset objects reloaded before import = 0Number of asset objects unloaded after import = 8

Editor requested this worker to shutdown with reason: Scaling down because of idle timeout
AssetImportWorker is now disconnected from the server
Process exiting
Exiting without the bug reporter. Application will terminate with return code 0